Build started 7/6/2014 8:31:07 PM.
     1>Project "D:\My Documents\Visual Studio 2013\Projects\DSA\HashTable\HashTable\HashTable.vcxproj" on node 2 (Build target(s)).
     1>ClCompile:
         C:\Program Files (x86)\Microsoft Visual Studio 12.0\VC\bin\CL.exe /c /ZI /nologo /W3 /WX- /sdl /Od /Oy- /D WIN32 /D _DEBUG /D _CONSOLE /D _LIB /D _UNICODE /D UNICODE /Gm /EHsc /RTC1 /MDd /GS /fp:precise /Zc:wchar_t /Zc:forScope /Fo"Debug\\" /Fd"Debug\vc120.pdb" /Gd /TP /analyze- /errorReport:prompt Driver.cpp Employee.cpp StudentClass.cpp
         StudentClass.cpp
         Generating Code...
         Skipping... (no relevant changes detected)
         Employee.cpp
         Driver.cpp
       Link:
         C:\Program Files (x86)\Microsoft Visual Studio 12.0\VC\bin\link.exe /ERRORREPORT:PROMPT /OUT:"D:\My Documents\Visual Studio 2013\Projects\DSA\HashTable\Debug\HashTable.exe" /INCREMENTAL /NOLOGO kernel32.lib user32.lib gdi32.lib winspool.lib comdlg32.lib advapi32.lib shell32.lib ole32.lib oleaut32.lib uuid.lib odbc32.lib odbccp32.lib /MANIFEST /MANIFESTUAC:"level='asInvoker' uiAccess='false'" /manifest:embed /DEBUG /PDB:"D:\My Documents\Visual Studio 2013\Projects\DSA\HashTable\Debug\HashTable.pdb" /SUBSYSTEM:CONSOLE /TLBID:1 /DYNAMICBASE /NXCOMPAT /IMPLIB:"D:\My Documents\Visual Studio 2013\Projects\DSA\HashTable\Debug\HashTable.lib" /MACHINE:X86 Debug\Driver.obj
         Debug\Employee.obj
         Debug\HashTable.obj
         Debug\StudentClass.obj
     1>StudentClass.obj : error LNK2005: "public: static void __cdecl Student::displayAllStudents(class std::basic_ifstream<char,struct std::char_traits<char> > &)" (?displayAllStudents@Student@@SAXAAV?$basic_ifstream@DU?$char_traits@D@std@@@std@@@Z) already defined in Driver.obj
     1>Driver.obj : error LNK2019: unresolved external symbol "public: __thiscall HashTable<class Employee>::HashTable<class Employee>(int)" (??0?$HashTable@VEmployee@@@@QAE@H@Z) referenced in function _main
     1>D:\My Documents\Visual Studio 2013\Projects\DSA\HashTable\Debug\HashTable.exe : fatal error LNK1120: 1 unresolved externals
     1>Done Building Project "D:\My Documents\Visual Studio 2013\Projects\DSA\HashTable\HashTable\HashTable.vcxproj" (Build target(s)) -- FAILED.

Build FAILED.

Time Elapsed 00:00:00.88
